<?xml version="1.0" encoding="UTF-8"?>
<testng-results ignored="0" total="1" passed="1" failed="0" skipped="0">
  <reporter-output>
  </reporter-output>
  <suite started-at="2024-01-09T18:44:18 EST" name="Default suite" finished-at="2024-01-09T18:44:31 EST" duration-ms="12926">
    <groups>
    </groups>
    <test started-at="2024-01-09T18:44:18 EST" name="Default test" finished-at="2024-01-09T18:44:31 EST" duration-ms="12926">
      <class name="testcases.saroj.BB_TestCase_03">
        <test-method is-config="true" signature="getDriver()[pri:0, instance:testcases.saroj.BB_TestCase_03@63a5e46c]" started-at="2024-01-09T18:44:18 EST" name="getDriver" finished-at="2024-01-09T18:44:18 EST" duration-ms="4" status="PASS">
          <reporter-output>
          </reporter-output>
        </test-method> <!-- getDriver -->
        <test-method is-config="true" signature="login()[pri:0, instance:testcases.saroj.BB_TestCase_03@63a5e46c]" started-at="2024-01-09T18:44:18 EST" name="login" finished-at="2024-01-09T18:44:20 EST" duration-ms="1802" status="PASS">
          <reporter-output>
          </reporter-output>
        </test-method> <!-- login -->
        <test-method signature="updateQuantityInCart()[pri:0, instance:testcases.saroj.BB_TestCase_03@63a5e46c]" started-at="2024-01-09T18:44:20 EST" name="updateQuantityInCart" finished-at="2024-01-09T18:44:31 EST" duration-ms="10884" status="PASS">
          <reporter-output>
          </reporter-output>
        </test-method> <!-- updateQuantityInCart -->
        <test-method is-config="true" signature="logOut()[pri:0, instance:testcases.saroj.BB_TestCase_03@63a5e46c]" started-at="2024-01-09T18:44:31 EST" name="logOut" finished-at="2024-01-09T18:44:31 EST" duration-ms="7" status="PASS">
          <reporter-output>
          </reporter-output>
        </test-method> <!-- logOut -->
        <test-method is-config="true" signature="tearDown()[pri:0, instance:testcases.saroj.BB_TestCase_03@63a5e46c]" started-at="2024-01-09T18:44:31 EST" name="tearDown" finished-at="2024-01-09T18:44:31 EST" duration-ms="208" status="PASS">
          <reporter-output>
          </reporter-output>
        </test-method> <!-- tearDown -->
      </class> <!-- testcases.saroj.BB_TestCase_03 -->
    </test> <!-- Default test -->
  </suite> <!-- Default suite -->
</testng-results>
